# JRE version: OpenJDK Runtime Environment (11.0.5+10) (build 11.0.5+10-b520.38)
# Java VM: OpenJDK 64-Bit Server VM (11.0.5+10-b520.38, mixed mode, sharing, tiered, compressed oops, g1 gc, windows-amd64)
Heap:
 garbage-first heap   total 63488K, used 12337K [0x00000000e0000000, 0x0000000100000000)
  region size 1024K, 9 young (9216K), 4 survivors (4096K)
 Metaspace       used 14580K, capacity 15164K, committed 15488K, reserved 1062912K
  class space    used 1879K, capacity 2101K, committed 2176K, reserved 1048576K
GC Heap History (6 events):
Event: 2.011 GC heap before
{Heap before GC invocations=0 (full 0):
 garbage-first heap   total 63488K, used 13312K [0x00000000e0000000, 0x0000000100000000)
  region size 1024K, 14 young (14336K), 0 survivors (0K)
 Metaspace       used 5118K, capacity 6538K, committed 6784K, reserved 1056768K
  class space    used 670K, capacity 789K, committed 896K, reserved 1048576K
}
Event: 2.021 GC heap after
{Heap after GC invocations=1 (full 0):
 garbage-first heap   total 63488K, used 3573K [0x00000000e0000000, 0x0000000100000000)
  region size 1024K, 2 young (2048K), 2 survivors (2048K)
 Metaspace       used 5118K, capacity 6538K, committed 6784K, reserved 1056768K
  class space    used 670K, capacity 789K, committed 896K, reserved 1048576K
}
Event: 2.628 GC heap before
{Heap before GC invocations=1 (full 0):
 garbage-first heap   total 63488K, used 13813K [0x00000000e0000000, 0x0000000100000000)
  region size 1024K, 12 young (12288K), 2 survivors (2048K)
 Metaspace       used 7878K, capacity 8238K, committed 8320K, reserved 1056768K
  class space    used 965K, capacity 1096K, committed 1152K, reserved 1048576K
}
Event: 2.637 GC heap after
{Heap after GC invocations=2 (full 0):
 garbage-first heap   total 63488K, used 5740K [0x00000000e0000000, 0x0000000100000000)
  region size 1024K, 2 young (2048K), 2 survivors (2048K)
 Metaspace       used 7878K, capacity 8238K, committed 8320K, reserved 1056768K
  class space    used 965K, capacity 1096K, committed 1152K, reserved 1048576K
}
Event: 4.493 GC heap before
{Heap before GC invocations=2 (full 0):
 garbage-first heap   total 63488K, used 28268K [0x00000000e0000000, 0x0000000100000000)
  region size 1024K, 25 young (25600K), 2 survivors (2048K)
 Metaspace       used 13590K, capacity 14056K, committed 14336K, reserved 1060864K
  class space    used 1751K, capacity 1923K, committed 2048K, reserved 1048576K
}
Event: 4.505 GC heap after
{Heap after GC invocations=3 (full 0):
 garbage-first heap   total 63488K, used 8241K [0x00000000e0000000, 0x0000000100000000)
  region size 1024K, 4 young (4096K), 4 survivors (4096K)
 Metaspace       used 13590K, capacity 14056K, committed 14336K, reserved 1060864K
  class space    used 1751K, capacity 1923K, committed 2048K, reserved 1048576K
}

