# JRE version: OpenJDK Runtime Environment (11.0.5+10) (build 11.0.5+10-b520.38)
# Java VM: OpenJDK 64-Bit Server VM (11.0.5+10-b520.38, mixed mode, sharing, tiered, compressed oops, g1 gc, windows-amd64)
Heap:
 garbage-first heap   total 63488K, used 39745K [0x00000000e0000000, 0x0000000100000000)
  region size 1024K, 4 young (4096K), 1 survivors (1024K)
 Metaspace       used 54230K, capacity 55379K, committed 56448K, reserved 303104K
  class space    used 7078K, capacity 7495K, committed 7808K, reserved 253952K
GC Heap History (20 events):
Event: 955.810 GC heap before
{Heap before GC invocations=45 (full 0):
 garbage-first heap   total 63488K, used 51512K [0x00000000e0000000, 0x0000000100000000)
  region size 1024K, 4 young (4096K), 1 survivors (1024K)
 Metaspace       used 54399K, capacity 55644K, committed 56448K, reserved 303104K
  class space    used 7142K, capacity 7628K, committed 7808K, reserved 253952K
}
Event: 955.821 GC heap after
{Heap after GC invocations=46 (full 0):
 garbage-first heap   total 63488K, used 49464K [0x00000000e0000000, 0x0000000100000000)
  region size 1024K, 1 young (1024K), 1 survivors (1024K)
 Metaspace       used 54399K, capacity 55644K, committed 56448K, reserved 303104K
  class space    used 7142K, capacity 7628K, committed 7808K, reserved 253952K
}
Event: 1235.819 GC heap before
{Heap before GC invocations=46 (full 0):
 garbage-first heap   total 63488K, used 50488K [0x00000000e0000000, 0x0000000100000000)
  region size 1024K, 3 young (3072K), 1 survivors (1024K)
 Metaspace       used 54436K, capacity 55772K, committed 56448K, reserved 303104K
  class space    used 7142K, capacity 7628K, committed 7808K, reserved 253952K
}
Event: 1235.842 GC heap after
{Heap after GC invocations=47 (full 0):
 garbage-first heap   total 63488K, used 43663K [0x00000000e0000000, 0x0000000100000000)
  region size 1024K, 1 young (1024K), 1 survivors (1024K)
 Metaspace       used 54436K, capacity 55772K, committed 56448K, reserved 303104K
  class space    used 7142K, capacity 7628K, committed 7808K, reserved 253952K
}
Event: 1516.104 GC heap before
{Heap before GC invocations=47 (full 0):
 garbage-first heap   total 63488K, used 45711K [0x00000000e0000000, 0x0000000100000000)
  region size 1024K, 3 young (3072K), 1 survivors (1024K)
 Metaspace       used 54487K, capacity 55772K, committed 56448K, reserved 303104K
  class space    used 7142K, capacity 7628K, committed 7808K, reserved 253952K
}
Event: 1516.147 GC heap after
{Heap after GC invocations=48 (full 0):
 garbage-first heap   total 63488K, used 40266K [0x00000000e0000000, 0x0000000100000000)
  region size 1024K, 1 young (1024K), 1 survivors (1024K)
 Metaspace       used 54487K, capacity 55772K, committed 56448K, reserved 303104K
  class space    used 7142K, capacity 7628K, committed 7808K, reserved 253952K
}
Event: 1803.978 GC heap before
{Heap before GC invocations=48 (full 0):
 garbage-first heap   total 63488K, used 42314K [0x00000000e0000000, 0x0000000100000000)
  region size 1024K, 3 young (3072K), 1 survivors (1024K)
 Metaspace       used 54489K, capacity 55772K, committed 56448K, reserved 303104K
  class space    used 7142K, capacity 7628K, committed 7808K, reserved 253952K
}
Event: 1804.007 GC heap after
{Heap after GC invocations=49 (full 0):
 garbage-first heap   total 63488K, used 39584K [0x00000000e0000000, 0x0000000100000000)
  region size 1024K, 1 young (1024K), 1 survivors (1024K)
 Metaspace       used 54489K, capacity 55772K, committed 56448K, reserved 303104K
  class space    used 7142K, capacity 7628K, committed 7808K, reserved 253952K
}
Event: 13038.151 GC heap before
{Heap before GC invocations=49 (full 0):
 garbage-first heap   total 63488K, used 47776K [0x00000000e0000000, 0x0000000100000000)
  region size 1024K, 9 young (9216K), 1 survivors (1024K)
 Metaspace       used 54491K, capacity 55772K, committed 56448K, reserved 303104K
  class space    used 7142K, capacity 7628K, committed 7808K, reserved 253952K
}
Event: 13038.156 GC heap after
{Heap after GC invocations=50 (full 0):
 garbage-first heap   total 63488K, used 39613K [0x00000000e0000000, 0x0000000100000000)
  region size 1024K, 1 young (1024K), 1 survivors (1024K)
 Metaspace       used 54491K, capacity 55772K, committed 56448K, reserved 303104K
  class space    used 7142K, capacity 7628K, committed 7808K, reserved 253952K
}
Event: 13042.713 GC heap before
{Heap before GC invocations=51 (full 0):
 garbage-first heap   total 63488K, used 48829K [0x00000000e0000000, 0x0000000100000000)
  region size 1024K, 10 young (10240K), 1 survivors (1024K)
 Metaspace       used 54228K, capacity 55379K, committed 56448K, reserved 303104K
  class space    used 7077K, capacity 7495K, committed 7808K, reserved 253952K
}
Event: 13042.718 GC heap after
{Heap after GC invocations=52 (full 0):
 garbage-first heap   total 63488K, used 39642K [0x00000000e0000000, 0x0000000100000000)
  region size 1024K, 1 young (1024K), 1 survivors (1024K)
 Metaspace       used 54228K, capacity 55379K, committed 56448K, reserved 303104K
  class space    used 7077K, capacity 7495K, committed 7808K, reserved 253952K
}
Event: 13043.112 GC heap before
{Heap before GC invocations=52 (full 0):
 garbage-first heap   total 63488K, used 41690K [0x00000000e0000000, 0x0000000100000000)
  region size 1024K, 3 young (3072K), 1 survivors (1024K)
 Metaspace       used 54229K, capacity 55379K, committed 56448K, reserved 303104K
  class space    used 7078K, capacity 7495K, committed 7808K, reserved 253952K
}
Event: 13043.122 GC heap after
{Heap after GC invocations=53 (full 0):
 garbage-first heap   total 63488K, used 37693K [0x00000000e0000000, 0x0000000100000000)
  region size 1024K, 1 young (1024K), 1 survivors (1024K)
 Metaspace       used 54229K, capacity 55379K, committed 56448K, reserved 303104K
  class space    used 7078K, capacity 7495K, committed 7808K, reserved 253952K
}
Event: 13045.090 GC heap before
{Heap before GC invocations=53 (full 0):
 garbage-first heap   total 63488K, used 47933K [0x00000000e0000000, 0x0000000100000000)
  region size 1024K, 11 young (11264K), 1 survivors (1024K)
 Metaspace       used 54229K, capacity 55379K, committed 56448K, reserved 303104K
  class space    used 7078K, capacity 7495K, committed 7808K, reserved 253952K
}
Event: 13045.094 GC heap after
{Heap after GC invocations=54 (full 0):
 garbage-first heap   total 63488K, used 37693K [0x00000000e0000000, 0x0000000100000000)
  region size 1024K, 1 young (1024K), 1 survivors (1024K)
 Metaspace       used 54229K, capacity 55379K, committed 56448K, reserved 303104K
  class space    used 7078K, capacity 7495K, committed 7808K, reserved 253952K
}
Event: 13047.334 GC heap before
{Heap before GC invocations=55 (full 0):
 garbage-first heap   total 63488K, used 48957K [0x00000000e0000000, 0x0000000100000000)
  region size 1024K, 12 young (12288K), 1 survivors (1024K)
 Metaspace       used 54230K, capacity 55379K, committed 56448K, reserved 303104K
  class space    used 7078K, capacity 7495K, committed 7808K, reserved 253952K
}
Event: 13047.337 GC heap after
{Heap after GC invocations=56 (full 0):
 garbage-first heap   total 63488K, used 37665K [0x00000000e0000000, 0x0000000100000000)
  region size 1024K, 1 young (1024K), 1 survivors (1024K)
 Metaspace       used 54230K, capacity 55379K, committed 56448K, reserved 303104K
  class space    used 7078K, capacity 7495K, committed 7808K, reserved 253952K
}
Event: 13049.316 GC heap before
{Heap before GC invocations=56 (full 0):
 garbage-first heap   total 63488K, used 48929K [0x00000000e0000000, 0x0000000100000000)
  region size 1024K, 12 young (12288K), 1 survivors (1024K)
 Metaspace       used 54230K, capacity 55379K, committed 56448K, reserved 303104K
  class space    used 7078K, capacity 7495K, committed 7808K, reserved 253952K
}
Event: 13049.319 GC heap after
{Heap after GC invocations=57 (full 0):
 garbage-first heap   total 63488K, used 37697K [0x00000000e0000000, 0x0000000100000000)
  region size 1024K, 1 young (1024K), 1 survivors (1024K)
 Metaspace       used 54230K, capacity 55379K, committed 56448K, reserved 303104K
  class space    used 7078K, capacity 7495K, committed 7808K, reserved 253952K
}

